<?xml version="1.0" encoding="UTF-8"?>
<!-- Generated by org.testng.reporters.JUnitXMLReporter -->
<testsuite ignored="0" hostname="Maginthans-MacBook-Pro.local" failures="3" tests="8" name="Test" time="56.948" errors="0" timestamp="2024-02-26T01:17:28 IST">
  <testcase classname="test.TC001_LoginTest" name="LoginTest" time="2.687"/>
  <testcase classname="test.TC001_LoginTest" name="LoginTest" time="2.711"/>
  <testcase classname="test.TC001_LoginTest" name="LoginTest" time="2.57"/>
  <testcase classname="test.TC001_LoginTest" name="LoginTest" time="2.54">
    <failure type="java.lang.AssertionError" message="expected [Invalid user name and password] but found [User does not exist.]">
      <![CDATA[java.lang.AssertionError: expected [Invalid user name and password] but found [User does not exist.]
at test.TC001_LoginTest.LoginTest(TC001_LoginTest.java:65)
at java.base/java.util.ArrayList.forEach(ArrayList.java:1511)
... Removed 33 stack frames]]>
    </failure>
  </testcase> <!-- LoginTest -->
  <testcase classname="test.TC002_SignUpTest" name="SignUpTest" time="2.529"/>
  <testcase classname="test.TC002_SignUpTest" name="SignUpTest" time="2.538"/>
  <testcase classname="test.TC002_SignUpTest" name="SignUpTest" time="2.536">
    <failure type="java.lang.AssertionError" message="expected [Invalid user name. Please enter a valid username] but found [Sign up successful.]">
      <![CDATA[java.lang.AssertionError: expected [Invalid user name. Please enter a valid username] but found [Sign up successful.]
at test.TC002_SignUpTest.SignUpTest(TC002_SignUpTest.java:57)
at java.base/java.util.ArrayList.forEach(ArrayList.java:1511)
... Removed 33 stack frames]]>
    </failure>
  </testcase> <!-- SignUpTest -->
  <testcase classname="test.TC002_SignUpTest" name="SignUpTest" time="2.535">
    <failure type="java.lang.AssertionError" message="expected [Invalid password. Please enter a valid password] but found [Sign up successful.]">
      <![CDATA[java.lang.AssertionError: expected [Invalid password. Please enter a valid password] but found [Sign up successful.]
at test.TC002_SignUpTest.SignUpTest(TC002_SignUpTest.java:65)
at java.base/java.util.ArrayList.forEach(ArrayList.java:1511)
... Removed 33 stack frames]]>
    </failure>
  </testcase> <!-- SignUpTest -->
</testsuite> <!-- Test -->
